{"E:\\FullStack Master\\tabuada\\controller\\index.test.js":{"path":"E:\\FullStack Master\\tabuada\\controller\\index.test.js","s":{"1":1,"2":1,"3":1,"4":1,"5":1,"6":1,"7":1,"8":1},"b":{},"f":{"1":0},"fnMap":{"1":{"name":"(anonymous_1)","line":7,"loc":{"start":{"line":7,"column":20},"end":{"line":7,"column":30}}}},"statementMap":{"1":{"start":{"line":1,"column":0},"end":{"line":1,"column":35}},"2":{"start":{"line":2,"column":0},"end":{"line":2,"column":30}},"3":{"start":{"line":4,"column":0},"end":{"line":14,"column":2}},"4":{"start":{"line":5,"column":4},"end":{"line":13,"column":6}},"5":{"start":{"line":6,"column":8},"end":{"line":8,"column":9}},"6":{"start":{"line":10,"column":8},"end":{"line":10,"column":34}},"7":{"start":{"line":11,"column":8},"end":{"line":11,"column":54}},"8":{"start":{"line":12,"column":8},"end":{"line":12,"column":41}}},"branchMap":{}},"E:\\FullStack Master\\tabuada\\controller\\index.js":{"path":"E:\\FullStack Master\\tabuada\\controller\\index.js","s":{"1":1,"2":1,"3":1},"b":{},"f":{},"fnMap":{},"statementMap":{"1":{"start":{"line":1,"column":0},"end":{"line":3,"column":1}},"2":{"start":{"line":2,"column":4},"end":{"line":2,"column":22}},"3":{"start":{"line":6,"column":0},"end":{"line":8,"column":1}}},"branchMap":{}},"E:\\FullStack Master\\tabuada\\controller\\tabuada.test.js":{"path":"E:\\FullStack Master\\tabuada\\controller\\tabuada.test.js","s":{"1":1,"2":1,"3":1,"4":1,"5":1,"6":1,"7":1,"8":1,"9":1,"10":1,"11":100,"12":25,"13":75,"14":25,"15":50,"16":25,"17":25,"18":1,"19":1,"20":1,"21":1,"22":1,"23":1,"24":1,"25":1,"26":1,"27":1,"28":1,"29":1,"30":1,"31":1,"32":1,"33":1,"34":100,"35":25,"36":75,"37":25,"38":50,"39":25,"40":25},"b":{"1":[25,75],"2":[25,50],"3":[25,25],"4":[25,75],"5":[25,50],"6":[25,25]},"f":{"1":0,"2":0,"3":1},"fnMap":{"1":{"name":"(anonymous_1)","line":7,"loc":{"start":{"line":7,"column":20},"end":{"line":7,"column":32}}},"2":{"name":"(anonymous_2)","line":33,"loc":{"start":{"line":33,"column":20},"end":{"line":33,"column":32}}},"3":{"name":"preencherResultado","line":57,"loc":{"start":{"line":57,"column":0},"end":{"line":57,"column":65}}}},"statementMap":{"1":{"start":{"line":1,"column":0},"end":{"line":1,"column":30}},"2":{"start":{"line":2,"column":0},"end":{"line":2,"column":36}},"3":{"start":{"line":4,"column":0},"end":{"line":54,"column":2}},"4":{"start":{"line":5,"column":4},"end":{"line":29,"column":6}},"5":{"start":{"line":6,"column":8},"end":{"line":8,"column":9}},"6":{"start":{"line":9,"column":8},"end":{"line":9,"column":30}},"7":{"start":{"line":10,"column":8},"end":{"line":10,"column":31}},"8":{"start":{"line":11,"column":8},"end":{"line":11,"column":31}},"9":{"start":{"line":12,"column":8},"end":{"line":12,"column":32}},"10":{"start":{"line":14,"column":8},"end":{"line":24,"column":9}},"11":{"start":{"line":15,"column":12},"end":{"line":23,"column":13}},"12":{"start":{"line":16,"column":16},"end":{"line":16,"column":35}},"13":{"start":{"line":17,"column":19},"end":{"line":23,"column":13}},"14":{"start":{"line":18,"column":16},"end":{"line":18,"column":36}},"15":{"start":{"line":19,"column":19},"end":{"line":23,"column":13}},"16":{"start":{"line":20,"column":16},"end":{"line":20,"column":36}},"17":{"start":{"line":22,"column":16},"end":{"line":22,"column":37}},"18":{"start":{"line":26,"column":8},"end":{"line":26,"column":34}},"19":{"start":{"line":27,"column":8},"end":{"line":27,"column":122}},"20":{"start":{"line":28,"column":8},"end":{"line":28,"column":29}},"21":{"start":{"line":31,"column":4},"end":{"line":53,"column":6}},"22":{"start":{"line":32,"column":8},"end":{"line":34,"column":9}},"23":{"start":{"line":35,"column":8},"end":{"line":35,"column":22}},"24":{"start":{"line":36,"column":8},"end":{"line":36,"column":30}},"25":{"start":{"line":37,"column":8},"end":{"line":37,"column":31}},"26":{"start":{"line":38,"column":8},"end":{"line":38,"column":31}},"27":{"start":{"line":39,"column":8},"end":{"line":39,"column":32}},"28":{"start":{"line":41,"column":8},"end":{"line":41,"column":87}},"29":{"start":{"line":43,"column":8},"end":{"line":43,"column":34}},"30":{"start":{"line":44,"column":8},"end":{"line":50,"column":10}},"31":{"start":{"line":52,"column":8},"end":{"line":52,"column":47}},"32":{"start":{"line":57,"column":0},"end":{"line":85,"column":1}},"33":{"start":{"line":58,"column":4},"end":{"line":84,"column":5}},"34":{"start":{"line":59,"column":8},"end":{"line":83,"column":9}},"35":{"start":{"line":60,"column":12},"end":{"line":64,"column":14}},"36":{"start":{"line":65,"column":15},"end":{"line":83,"column":9}},"37":{"start":{"line":66,"column":12},"end":{"line":70,"column":14}},"38":{"start":{"line":71,"column":15},"end":{"line":83,"column":9}},"39":{"start":{"line":72,"column":12},"end":{"line":76,"column":14}},"40":{"start":{"line":78,"column":12},"end":{"line":82,"column":14}}},"branchMap":{"1":{"line":15,"type":"if","locations":[{"start":{"line":15,"column":12},"end":{"line":15,"column":12}},{"start":{"line":15,"column":12},"end":{"line":15,"column":12}}]},"2":{"line":17,"type":"if","locations":[{"start":{"line":17,"column":19},"end":{"line":17,"column":19}},{"start":{"line":17,"column":19},"end":{"line":17,"column":19}}]},"3":{"line":19,"type":"if","locations":[{"start":{"line":19,"column":19},"end":{"line":19,"column":19}},{"start":{"line":19,"column":19},"end":{"line":19,"column":19}}]},"4":{"line":59,"type":"if","locations":[{"start":{"line":59,"column":8},"end":{"line":59,"column":8}},{"start":{"line":59,"column":8},"end":{"line":59,"column":8}}]},"5":{"line":65,"type":"if","locations":[{"start":{"line":65,"column":15},"end":{"line":65,"column":15}},{"start":{"line":65,"column":15},"end":{"line":65,"column":15}}]},"6":{"line":71,"type":"if","locations":[{"start":{"line":71,"column":15},"end":{"line":71,"column":15}},{"start":{"line":71,"column":15},"end":{"line":71,"column":15}}]}}},"E:\\FullStack Master\\tabuada\\controller\\tabuada.js":{"path":"E:\\FullStack Master\\tabuada\\controller\\tabuada.js","s":{"1":1,"2":1,"3":1,"4":1,"5":1,"6":1,"7":100,"8":25,"9":75,"10":25,"11":50,"12":25,"13":25,"14":1,"15":1,"16":1,"17":1,"18":1,"19":1,"20":1,"21":1,"22":1,"23":1,"24":1,"25":1,"26":100,"27":25,"28":75,"29":25,"30":50,"31":25,"32":25},"b":{"1":[25,75],"2":[25,50],"3":[25,25],"4":[25,75],"5":[25,50],"6":[25,25]},"f":{"1":1},"fnMap":{"1":{"name":"preencherResultado","line":50,"loc":{"start":{"line":50,"column":0},"end":{"line":50,"column":65}}}},"statementMap":{"1":{"start":{"line":1,"column":0},"end":{"line":24,"column":1}},"2":{"start":{"line":2,"column":4},"end":{"line":2,"column":26}},"3":{"start":{"line":3,"column":4},"end":{"line":3,"column":27}},"4":{"start":{"line":4,"column":4},"end":{"line":4,"column":27}},"5":{"start":{"line":5,"column":4},"end":{"line":5,"column":28}},"6":{"start":{"line":7,"column":4},"end":{"line":17,"column":5}},"7":{"start":{"line":8,"column":8},"end":{"line":16,"column":9}},"8":{"start":{"line":9,"column":12},"end":{"line":9,"column":31}},"9":{"start":{"line":10,"column":15},"end":{"line":16,"column":9}},"10":{"start":{"line":11,"column":12},"end":{"line":11,"column":32}},"11":{"start":{"line":12,"column":15},"end":{"line":16,"column":9}},"12":{"start":{"line":13,"column":12},"end":{"line":13,"column":32}},"13":{"start":{"line":15,"column":12},"end":{"line":15,"column":33}},"14":{"start":{"line":18,"column":4},"end":{"line":23,"column":6}},"15":{"start":{"line":26,"column":0},"end":{"line":43,"column":1}},"16":{"start":{"line":27,"column":4},"end":{"line":27,"column":30}},"17":{"start":{"line":28,"column":4},"end":{"line":28,"column":26}},"18":{"start":{"line":29,"column":4},"end":{"line":29,"column":27}},"19":{"start":{"line":30,"column":4},"end":{"line":30,"column":27}},"20":{"start":{"line":31,"column":4},"end":{"line":31,"column":28}},"21":{"start":{"line":33,"column":4},"end":{"line":33,"column":83}},"22":{"start":{"line":36,"column":4},"end":{"line":42,"column":6}},"23":{"start":{"line":46,"column":0},"end":{"line":46,"column":32}},"24":{"start":{"line":50,"column":0},"end":{"line":78,"column":1}},"25":{"start":{"line":51,"column":4},"end":{"line":77,"column":5}},"26":{"start":{"line":52,"column":8},"end":{"line":76,"column":9}},"27":{"start":{"line":53,"column":12},"end":{"line":57,"column":14}},"28":{"start":{"line":58,"column":15},"end":{"line":76,"column":9}},"29":{"start":{"line":59,"column":12},"end":{"line":63,"column":14}},"30":{"start":{"line":64,"column":15},"end":{"line":76,"column":9}},"31":{"start":{"line":65,"column":12},"end":{"line":69,"column":14}},"32":{"start":{"line":71,"column":12},"end":{"line":75,"column":14}}},"branchMap":{"1":{"line":8,"type":"if","locations":[{"start":{"line":8,"column":8},"end":{"line":8,"column":8}},{"start":{"line":8,"column":8},"end":{"line":8,"column":8}}]},"2":{"line":10,"type":"if","locations":[{"start":{"line":10,"column":15},"end":{"line":10,"column":15}},{"start":{"line":10,"column":15},"end":{"line":10,"column":15}}]},"3":{"line":12,"type":"if","locations":[{"start":{"line":12,"column":15},"end":{"line":12,"column":15}},{"start":{"line":12,"column":15},"end":{"line":12,"column":15}}]},"4":{"line":52,"type":"if","locations":[{"start":{"line":52,"column":8},"end":{"line":52,"column":8}},{"start":{"line":52,"column":8},"end":{"line":52,"column":8}}]},"5":{"line":58,"type":"if","locations":[{"start":{"line":58,"column":15},"end":{"line":58,"column":15}},{"start":{"line":58,"column":15},"end":{"line":58,"column":15}}]},"6":{"line":64,"type":"if","locations":[{"start":{"line":64,"column":15},"end":{"line":64,"column":15}},{"start":{"line":64,"column":15},"end":{"line":64,"column":15}}]}}}}