TN:
SF:E:\FullStack Master\tabuada\controller\index.test.js
FN:7,(anonymous_1)
FNF:1
FNH:0
FNDA:0,(anonymous_1)
DA:1,1
DA:2,1
DA:4,1
DA:5,1
DA:6,1
DA:10,1
DA:11,1
DA:12,1
LF:8
LH:8
BRF:0
BRH:0
end_of_record
TN:
SF:E:\FullStack Master\tabuada\controller\index.js
FNF:0
FNH:0
DA:1,1
DA:2,1
DA:6,1
LF:3
LH:3
BRF:0
BRH:0
end_of_record
TN:
SF:E:\FullStack Master\tabuada\controller\tabuada.test.js
FN:7,(anonymous_1)
FN:33,(anonymous_2)
FN:57,preencherResultado
FNF:3
FNH:1
FNDA:0,(anonymous_1)
FNDA:0,(anonymous_2)
FNDA:1,preencherResultado
DA:1,1
DA:2,1
DA:4,1
DA:5,1
DA:6,1
DA:9,1
DA:10,1
DA:11,1
DA:12,1
DA:14,1
DA:15,100
DA:16,25
DA:17,75
DA:18,25
DA:19,50
DA:20,25
DA:22,25
DA:26,1
DA:27,1
DA:28,1
DA:31,1
DA:32,1
DA:35,1
DA:36,1
DA:37,1
DA:38,1
DA:39,1
DA:41,1
DA:43,1
DA:44,1
DA:52,1
DA:57,1
DA:58,1
DA:59,100
DA:60,25
DA:65,75
DA:66,25
DA:71,50
DA:72,25
DA:78,25
LF:40
LH:40
BRDA:15,1,0,25
BRDA:15,1,1,75
BRDA:17,2,0,25
BRDA:17,2,1,50
BRDA:19,3,0,25
BRDA:19,3,1,25
BRDA:59,4,0,25
BRDA:59,4,1,75
BRDA:65,5,0,25
BRDA:65,5,1,50
BRDA:71,6,0,25
BRDA:71,6,1,25
BRF:12
BRH:12
end_of_record
TN:
SF:E:\FullStack Master\tabuada\controller\tabuada.js
FN:50,preencherResultado
FNF:1
FNH:1
FNDA:1,preencherResultado
DA:1,1
DA:2,1
DA:3,1
DA:4,1
DA:5,1
DA:7,1
DA:8,100
DA:9,25
DA:10,75
DA:11,25
DA:12,50
DA:13,25
DA:15,25
DA:18,1
DA:26,1
DA:27,1
DA:28,1
DA:29,1
DA:30,1
DA:31,1
DA:33,1
DA:36,1
DA:46,1
DA:50,1
DA:51,1
DA:52,100
DA:53,25
DA:58,75
DA:59,25
DA:64,50
DA:65,25
DA:71,25
LF:32
LH:32
BRDA:8,1,0,25
BRDA:8,1,1,75
BRDA:10,2,0,25
BRDA:10,2,1,50
BRDA:12,3,0,25
BRDA:12,3,1,25
BRDA:52,4,0,25
BRDA:52,4,1,75
BRDA:58,5,0,25
BRDA:58,5,1,50
BRDA:64,6,0,25
BRDA:64,6,1,25
BRF:12
BRH:12
end_of_record
